{
  "numFailedTestSuites": 2,
  "numFailedTests": 5,
  "numPassedTestSuites": 1,
  "numPassedTests": 2,
  "numPendingTestSuites": 0,
  "numPendingTests": 0,
  "numRuntimeErrorTestSuites": 1,
  "numTodoTests": 0,
  "numTotalTestSuites": 3,
  "numTotalTests": 7,
  "openHandles": [],
  "snapshot": {
    "added": 0,
    "didUpdate": false,
    "failure": false,
    "filesAdded": 0,
    "filesRemoved": 0,
    "filesRemovedList": [],
    "filesUnmatched": 0,
    "filesUpdated": 0,
    "matched": 0,
    "total": 0,
    "unchecked": 0,
    "uncheckedKeysByFile": [],
    "unmatched": 0,
    "updated": 0
  },
  "startTime": 1699220013783,
  "success": false,
  "testResults": [
    {
      "leaks": false,
      "numFailingTests": 0,
      "numPassingTests": 2,
      "numPendingTests": 0,
      "numTodoTests": 0,
      "openHandles": [],
      "perfStats": {
        "end": 1699220014678,
        "runtime": 622,
        "slow": false,
        "start": 1699220014056
      },
      "skipped": false,
      "snapshot": {
        "added": 0,
        "fileDeleted": false,
        "matched": 0,
        "unchecked": 0,
        "uncheckedKeys": [],
        "unmatched": 0,
        "updated": 0
      },
      "testFilePath": "C:\\Users\\c-r-i\\OneDrive\\Escritorio\\Cris\\BOOTCAMP\\core\\backend\\ejPelis\\ejercicio_API_REST_films_con_test\\test\\env.test.js",
      "testResults": [
        {
          "ancestorTitles": [
            "Environment setup"
          ],
          "duration": 9,
          "failureDetails": [],
          "failureMessages": [],
          "fullName": "Environment setup should have a .env file in the root directory",
          "invocations": 1,
          "location": null,
          "numPassingAsserts": 1,
          "retryReasons": [],
          "status": "passed",
          "title": "should have a .env file in the root directory"
        },
        {
          "ancestorTitles": [
            "Environment setup"
          ],
          "duration": 4,
          "failureDetails": [],
          "failureMessages": [],
          "fullName": "Environment setup should have API_KEY defined in the .env file",
          "invocations": 1,
          "location": null,
          "numPassingAsserts": 2,
          "retryReasons": [],
          "status": "passed",
          "title": "should have API_KEY defined in the .env file"
        }
      ],
      "failureMessage": null
    },
    {
      "failureMessage": "  \u001b[1m● \u001b[22mTest suite failed to run\n\n    Cannot find module '../utils/fetchFilms' from 'test/fetchFilms.test.js'\n\n    \u001b[0m\u001b[31m\u001b[1m>\u001b[22m\u001b[39m\u001b[90m 1 |\u001b[39m \u001b[36mconst\u001b[39m fetchFilm \u001b[33m=\u001b[39m require(\u001b[32m'../utils/fetchFilms'\u001b[39m)\u001b[33m;\u001b[39m\u001b[0m\n    \u001b[0m \u001b[90m   |\u001b[39m                                                 \u001b[31m\u001b[1m^\u001b[22m\u001b[39m\u001b[0m\n    \u001b[0m \u001b[90m 2 |\u001b[39m\u001b[0m\n    \u001b[0m \u001b[90m 3 |\u001b[39m describe(\u001b[32m'fetchFilm utility'\u001b[39m\u001b[33m,\u001b[39m () \u001b[33m=>\u001b[39m {\u001b[0m\n    \u001b[0m \u001b[90m 4 |\u001b[39m   it(\u001b[32m'should return movie details for a known movie'\u001b[39m\u001b[33m,\u001b[39m \u001b[36masync\u001b[39m () \u001b[33m=>\u001b[39m {\u001b[0m\n\n      \u001b[2mat Resolver._throwModNotFoundError (\u001b[22mnode_modules/jest-resolve/build/resolver.js\u001b[2m:427:11)\u001b[22m\n      \u001b[2mat Object.<anonymous> (\u001b[22m\u001b[0m\u001b[36mtest/fetchFilms.test.js\u001b[39m\u001b[0m\u001b[2m:1:49)\u001b[22m\n",
      "leaks": false,
      "numFailingTests": 0,
      "numPassingTests": 0,
      "numPendingTests": 0,
      "numTodoTests": 0,
      "openHandles": [],
      "perfStats": {
        "end": 0,
        "runtime": 0,
        "slow": false,
        "start": 0
      },
      "skipped": false,
      "snapshot": {
        "added": 0,
        "fileDeleted": false,
        "matched": 0,
        "unchecked": 0,
        "uncheckedKeys": [],
        "unmatched": 0,
        "updated": 0
      },
      "testExecError": "Cannot find module '../utils/fetchFilms' from 'test/fetchFilms.test.js'",
      "testFilePath": "C:\\Users\\c-r-i\\OneDrive\\Escritorio\\Cris\\BOOTCAMP\\core\\backend\\ejPelis\\ejercicio_API_REST_films_con_test\\test\\fetchFilms.test.js",
      "testResults": []
    },
    {
      "leaks": false,
      "numFailingTests": 5,
      "numPassingTests": 0,
      "numPendingTests": 0,
      "numTodoTests": 0,
      "openHandles": [],
      "perfStats": {
        "end": 1699220014885,
        "runtime": 835,
        "slow": false,
        "start": 1699220014050
      },
      "skipped": false,
      "snapshot": {
        "added": 0,
        "fileDeleted": false,
        "matched": 0,
        "unchecked": 0,
        "uncheckedKeys": [],
        "unmatched": 0,
        "updated": 0
      },
      "testFilePath": "C:\\Users\\c-r-i\\OneDrive\\Escritorio\\Cris\\BOOTCAMP\\core\\backend\\ejPelis\\ejercicio_API_REST_films_con_test\\test\\films.test.js",
      "testResults": [
        {
          "ancestorTitles": [
            "Films API routes"
          ],
          "duration": 8,
          "failureDetails": [
            {}
          ],
          "failureMessages": [
            "TypeError: app.address is not a function\n    at Test.serverAddress (C:\\Users\\c-r-i\\OneDrive\\Escritorio\\Cris\\BOOTCAMP\\core\\backend\\ejPelis\\ejercicio_API_REST_films_con_test\\node_modules\\supertest\\lib\\test.js:46:22)\n    at new Test (C:\\Users\\c-r-i\\OneDrive\\Escritorio\\Cris\\BOOTCAMP\\core\\backend\\ejPelis\\ejercicio_API_REST_films_con_test\\node_modules\\supertest\\lib\\test.js:34:14)\n    at Object.obj.<computed> [as get] (C:\\Users\\c-r-i\\OneDrive\\Escritorio\\Cris\\BOOTCAMP\\core\\backend\\ejPelis\\ejercicio_API_REST_films_con_test\\node_modules\\supertest\\index.js:43:18)\n    at Object.get (C:\\Users\\c-r-i\\OneDrive\\Escritorio\\Cris\\BOOTCAMP\\core\\backend\\ejPelis\\ejercicio_API_REST_films_con_test\\test\\films.test.js:8:41)\n    at Promise.then.completed (C:\\Users\\c-r-i\\OneDrive\\Escritorio\\Cris\\BOOTCAMP\\core\\backend\\ejPelis\\ejercicio_API_REST_films_con_test\\node_modules\\jest-circus\\build\\utils.js:298:28)\n    at new Promise (<anonymous>)\n    at callAsyncCircusFn (C:\\Users\\c-r-i\\OneDrive\\Escritorio\\Cris\\BOOTCAMP\\core\\backend\\ejPelis\\ejercicio_API_REST_films_con_test\\node_modules\\jest-circus\\build\\utils.js:231:10)\n    at _callCircusTest (C:\\Users\\c-r-i\\OneDrive\\Escritorio\\Cris\\BOOTCAMP\\core\\backend\\ejPelis\\ejercicio_API_REST_films_con_test\\node_modules\\jest-circus\\build\\run.js:316:40)\n    at processTicksAndRejections (node:internal/process/task_queues:95:5)\n    at _runTest (C:\\Users\\c-r-i\\OneDrive\\Escritorio\\Cris\\BOOTCAMP\\core\\backend\\ejPelis\\ejercicio_API_REST_films_con_test\\node_modules\\jest-circus\\build\\run.js:252:3)\n    at _runTestsForDescribeBlock (C:\\Users\\c-r-i\\OneDrive\\Escritorio\\Cris\\BOOTCAMP\\core\\backend\\ejPelis\\ejercicio_API_REST_films_con_test\\node_modules\\jest-circus\\build\\run.js:126:9)\n    at _runTestsForDescribeBlock (C:\\Users\\c-r-i\\OneDrive\\Escritorio\\Cris\\BOOTCAMP\\core\\backend\\ejPelis\\ejercicio_API_REST_films_con_test\\node_modules\\jest-circus\\build\\run.js:121:9)\n    at run (C:\\Users\\c-r-i\\OneDrive\\Escritorio\\Cris\\BOOTCAMP\\core\\backend\\ejPelis\\ejercicio_API_REST_films_con_test\\node_modules\\jest-circus\\build\\run.js:71:3)\n    at runAndTransformResultsToJestFormat (C:\\Users\\c-r-i\\OneDrive\\Escritorio\\Cris\\BOOTCAMP\\core\\backend\\ejPelis\\ejercicio_API_REST_films_con_test\\node_modules\\jest-circus\\build\\legacy-code-todo-rewrite\\jestAdapterInit.js:122:21)\n    at jestAdapter (C:\\Users\\c-r-i\\OneDrive\\Escritorio\\Cris\\BOOTCAMP\\core\\backend\\ejPelis\\ejercicio_API_REST_films_con_test\\node_modules\\jest-circus\\build\\legacy-code-todo-rewrite\\jestAdapter.js:79:19)\n    at runTestInternal (C:\\Users\\c-r-i\\OneDrive\\Escritorio\\Cris\\BOOTCAMP\\core\\backend\\ejPelis\\ejercicio_API_REST_films_con_test\\node_modules\\jest-runner\\build\\runTest.js:367:16)\n    at runTest (C:\\Users\\c-r-i\\OneDrive\\Escritorio\\Cris\\BOOTCAMP\\core\\backend\\ejPelis\\ejercicio_API_REST_films_con_test\\node_modules\\jest-runner\\build\\runTest.js:444:34)\n    at Object.worker (C:\\Users\\c-r-i\\OneDrive\\Escritorio\\Cris\\BOOTCAMP\\core\\backend\\ejPelis\\ejercicio_API_REST_films_con_test\\node_modules\\jest-runner\\build\\testWorker.js:106:12)"
          ],
          "fullName": "Films API routes should fetch a movie by title",
          "invocations": 1,
          "location": null,
          "numPassingAsserts": 0,
          "retryReasons": [],
          "status": "failed",
          "title": "should fetch a movie by title"
        },
        {
          "ancestorTitles": [
            "Films API routes"
          ],
          "duration": 0,
          "failureDetails": [
            {}
          ],
          "failureMessages": [
            "TypeError: app.address is not a function\n    at Test.serverAddress (C:\\Users\\c-r-i\\OneDrive\\Escritorio\\Cris\\BOOTCAMP\\core\\backend\\ejPelis\\ejercicio_API_REST_films_con_test\\node_modules\\supertest\\lib\\test.js:46:22)\n    at new Test (C:\\Users\\c-r-i\\OneDrive\\Escritorio\\Cris\\BOOTCAMP\\core\\backend\\ejPelis\\ejercicio_API_REST_films_con_test\\node_modules\\supertest\\lib\\test.js:34:14)\n    at Object.obj.<computed> [as get] (C:\\Users\\c-r-i\\OneDrive\\Escritorio\\Cris\\BOOTCAMP\\core\\backend\\ejPelis\\ejercicio_API_REST_films_con_test\\node_modules\\supertest\\index.js:43:18)\n    at Object.get (C:\\Users\\c-r-i\\OneDrive\\Escritorio\\Cris\\BOOTCAMP\\core\\backend\\ejPelis\\ejercicio_API_REST_films_con_test\\test\\films.test.js:15:41)\n    at Promise.then.completed (C:\\Users\\c-r-i\\OneDrive\\Escritorio\\Cris\\BOOTCAMP\\core\\backend\\ejPelis\\ejercicio_API_REST_films_con_test\\node_modules\\jest-circus\\build\\utils.js:298:28)\n    at new Promise (<anonymous>)\n    at callAsyncCircusFn (C:\\Users\\c-r-i\\OneDrive\\Escritorio\\Cris\\BOOTCAMP\\core\\backend\\ejPelis\\ejercicio_API_REST_films_con_test\\node_modules\\jest-circus\\build\\utils.js:231:10)\n    at _callCircusTest (C:\\Users\\c-r-i\\OneDrive\\Escritorio\\Cris\\BOOTCAMP\\core\\backend\\ejPelis\\ejercicio_API_REST_films_con_test\\node_modules\\jest-circus\\build\\run.js:316:40)\n    at processTicksAndRejections (node:internal/process/task_queues:95:5)\n    at _runTest (C:\\Users\\c-r-i\\OneDrive\\Escritorio\\Cris\\BOOTCAMP\\core\\backend\\ejPelis\\ejercicio_API_REST_films_con_test\\node_modules\\jest-circus\\build\\run.js:252:3)\n    at _runTestsForDescribeBlock (C:\\Users\\c-r-i\\OneDrive\\Escritorio\\Cris\\BOOTCAMP\\core\\backend\\ejPelis\\ejercicio_API_REST_films_con_test\\node_modules\\jest-circus\\build\\run.js:126:9)\n    at _runTestsForDescribeBlock (C:\\Users\\c-r-i\\OneDrive\\Escritorio\\Cris\\BOOTCAMP\\core\\backend\\ejPelis\\ejercicio_API_REST_films_con_test\\node_modules\\jest-circus\\build\\run.js:121:9)\n    at run (C:\\Users\\c-r-i\\OneDrive\\Escritorio\\Cris\\BOOTCAMP\\core\\backend\\ejPelis\\ejercicio_API_REST_films_con_test\\node_modules\\jest-circus\\build\\run.js:71:3)\n    at runAndTransformResultsToJestFormat (C:\\Users\\c-r-i\\OneDrive\\Escritorio\\Cris\\BOOTCAMP\\core\\backend\\ejPelis\\ejercicio_API_REST_films_con_test\\node_modules\\jest-circus\\build\\legacy-code-todo-rewrite\\jestAdapterInit.js:122:21)\n    at jestAdapter (C:\\Users\\c-r-i\\OneDrive\\Escritorio\\Cris\\BOOTCAMP\\core\\backend\\ejPelis\\ejercicio_API_REST_films_con_test\\node_modules\\jest-circus\\build\\legacy-code-todo-rewrite\\jestAdapter.js:79:19)\n    at runTestInternal (C:\\Users\\c-r-i\\OneDrive\\Escritorio\\Cris\\BOOTCAMP\\core\\backend\\ejPelis\\ejercicio_API_REST_films_con_test\\node_modules\\jest-runner\\build\\runTest.js:367:16)\n    at runTest (C:\\Users\\c-r-i\\OneDrive\\Escritorio\\Cris\\BOOTCAMP\\core\\backend\\ejPelis\\ejercicio_API_REST_films_con_test\\node_modules\\jest-runner\\build\\runTest.js:444:34)\n    at Object.worker (C:\\Users\\c-r-i\\OneDrive\\Escritorio\\Cris\\BOOTCAMP\\core\\backend\\ejPelis\\ejercicio_API_REST_films_con_test\\node_modules\\jest-runner\\build\\testWorker.js:106:12)"
          ],
          "fullName": "Films API routes should return 404 for a non-existent movie",
          "invocations": 1,
          "location": null,
          "numPassingAsserts": 0,
          "retryReasons": [],
          "status": "failed",
          "title": "should return 404 for a non-existent movie"
        },
        {
          "ancestorTitles": [
            "Films API routes"
          ],
          "duration": 0,
          "failureDetails": [
            {}
          ],
          "failureMessages": [
            "TypeError: app.address is not a function\n    at Test.serverAddress (C:\\Users\\c-r-i\\OneDrive\\Escritorio\\Cris\\BOOTCAMP\\core\\backend\\ejPelis\\ejercicio_API_REST_films_con_test\\node_modules\\supertest\\lib\\test.js:46:22)\n    at new Test (C:\\Users\\c-r-i\\OneDrive\\Escritorio\\Cris\\BOOTCAMP\\core\\backend\\ejPelis\\ejercicio_API_REST_films_con_test\\node_modules\\supertest\\lib\\test.js:34:14)\n    at Object.obj.<computed> [as post] (C:\\Users\\c-r-i\\OneDrive\\Escritorio\\Cris\\BOOTCAMP\\core\\backend\\ejPelis\\ejercicio_API_REST_films_con_test\\node_modules\\supertest\\index.js:43:18)\n    at Object.post (C:\\Users\\c-r-i\\OneDrive\\Escritorio\\Cris\\BOOTCAMP\\core\\backend\\ejPelis\\ejercicio_API_REST_films_con_test\\test\\films.test.js:27:41)\n    at Promise.then.completed (C:\\Users\\c-r-i\\OneDrive\\Escritorio\\Cris\\BOOTCAMP\\core\\backend\\ejPelis\\ejercicio_API_REST_films_con_test\\node_modules\\jest-circus\\build\\utils.js:298:28)\n    at new Promise (<anonymous>)\n    at callAsyncCircusFn (C:\\Users\\c-r-i\\OneDrive\\Escritorio\\Cris\\BOOTCAMP\\core\\backend\\ejPelis\\ejercicio_API_REST_films_con_test\\node_modules\\jest-circus\\build\\utils.js:231:10)\n    at _callCircusTest (C:\\Users\\c-r-i\\OneDrive\\Escritorio\\Cris\\BOOTCAMP\\core\\backend\\ejPelis\\ejercicio_API_REST_films_con_test\\node_modules\\jest-circus\\build\\run.js:316:40)\n    at processTicksAndRejections (node:internal/process/task_queues:95:5)\n    at _runTest (C:\\Users\\c-r-i\\OneDrive\\Escritorio\\Cris\\BOOTCAMP\\core\\backend\\ejPelis\\ejercicio_API_REST_films_con_test\\node_modules\\jest-circus\\build\\run.js:252:3)\n    at _runTestsForDescribeBlock (C:\\Users\\c-r-i\\OneDrive\\Escritorio\\Cris\\BOOTCAMP\\core\\backend\\ejPelis\\ejercicio_API_REST_films_con_test\\node_modules\\jest-circus\\build\\run.js:126:9)\n    at _runTestsForDescribeBlock (C:\\Users\\c-r-i\\OneDrive\\Escritorio\\Cris\\BOOTCAMP\\core\\backend\\ejPelis\\ejercicio_API_REST_films_con_test\\node_modules\\jest-circus\\build\\run.js:121:9)\n    at run (C:\\Users\\c-r-i\\OneDrive\\Escritorio\\Cris\\BOOTCAMP\\core\\backend\\ejPelis\\ejercicio_API_REST_films_con_test\\node_modules\\jest-circus\\build\\run.js:71:3)\n    at runAndTransformResultsToJestFormat (C:\\Users\\c-r-i\\OneDrive\\Escritorio\\Cris\\BOOTCAMP\\core\\backend\\ejPelis\\ejercicio_API_REST_films_con_test\\node_modules\\jest-circus\\build\\legacy-code-todo-rewrite\\jestAdapterInit.js:122:21)\n    at jestAdapter (C:\\Users\\c-r-i\\OneDrive\\Escritorio\\Cris\\BOOTCAMP\\core\\backend\\ejPelis\\ejercicio_API_REST_films_con_test\\node_modules\\jest-circus\\build\\legacy-code-todo-rewrite\\jestAdapter.js:79:19)\n    at runTestInternal (C:\\Users\\c-r-i\\OneDrive\\Escritorio\\Cris\\BOOTCAMP\\core\\backend\\ejPelis\\ejercicio_API_REST_films_con_test\\node_modules\\jest-runner\\build\\runTest.js:367:16)\n    at runTest (C:\\Users\\c-r-i\\OneDrive\\Escritorio\\Cris\\BOOTCAMP\\core\\backend\\ejPelis\\ejercicio_API_REST_films_con_test\\node_modules\\jest-runner\\build\\runTest.js:444:34)\n    at Object.worker (C:\\Users\\c-r-i\\OneDrive\\Escritorio\\Cris\\BOOTCAMP\\core\\backend\\ejPelis\\ejercicio_API_REST_films_con_test\\node_modules\\jest-runner\\build\\testWorker.js:106:12)"
          ],
          "fullName": "Films API routes should add a new movie",
          "invocations": 1,
          "location": null,
          "numPassingAsserts": 0,
          "retryReasons": [],
          "status": "failed",
          "title": "should add a new movie"
        },
        {
          "ancestorTitles": [
            "Films API routes"
          ],
          "duration": 0,
          "failureDetails": [
            {}
          ],
          "failureMessages": [
            "TypeError: app.address is not a function\n    at Test.serverAddress (C:\\Users\\c-r-i\\OneDrive\\Escritorio\\Cris\\BOOTCAMP\\core\\backend\\ejPelis\\ejercicio_API_REST_films_con_test\\node_modules\\supertest\\lib\\test.js:46:22)\n    at new Test (C:\\Users\\c-r-i\\OneDrive\\Escritorio\\Cris\\BOOTCAMP\\core\\backend\\ejPelis\\ejercicio_API_REST_films_con_test\\node_modules\\supertest\\lib\\test.js:34:14)\n    at Object.obj.<computed> [as put] (C:\\Users\\c-r-i\\OneDrive\\Escritorio\\Cris\\BOOTCAMP\\core\\backend\\ejPelis\\ejercicio_API_REST_films_con_test\\node_modules\\supertest\\index.js:43:18)\n    at Object.put (C:\\Users\\c-r-i\\OneDrive\\Escritorio\\Cris\\BOOTCAMP\\core\\backend\\ejPelis\\ejercicio_API_REST_films_con_test\\test\\films.test.js:40:41)\n    at Promise.then.completed (C:\\Users\\c-r-i\\OneDrive\\Escritorio\\Cris\\BOOTCAMP\\core\\backend\\ejPelis\\ejercicio_API_REST_films_con_test\\node_modules\\jest-circus\\build\\utils.js:298:28)\n    at new Promise (<anonymous>)\n    at callAsyncCircusFn (C:\\Users\\c-r-i\\OneDrive\\Escritorio\\Cris\\BOOTCAMP\\core\\backend\\ejPelis\\ejercicio_API_REST_films_con_test\\node_modules\\jest-circus\\build\\utils.js:231:10)\n    at _callCircusTest (C:\\Users\\c-r-i\\OneDrive\\Escritorio\\Cris\\BOOTCAMP\\core\\backend\\ejPelis\\ejercicio_API_REST_films_con_test\\node_modules\\jest-circus\\build\\run.js:316:40)\n    at processTicksAndRejections (node:internal/process/task_queues:95:5)\n    at _runTest (C:\\Users\\c-r-i\\OneDrive\\Escritorio\\Cris\\BOOTCAMP\\core\\backend\\ejPelis\\ejercicio_API_REST_films_con_test\\node_modules\\jest-circus\\build\\run.js:252:3)\n    at _runTestsForDescribeBlock (C:\\Users\\c-r-i\\OneDrive\\Escritorio\\Cris\\BOOTCAMP\\core\\backend\\ejPelis\\ejercicio_API_REST_films_con_test\\node_modules\\jest-circus\\build\\run.js:126:9)\n    at _runTestsForDescribeBlock (C:\\Users\\c-r-i\\OneDrive\\Escritorio\\Cris\\BOOTCAMP\\core\\backend\\ejPelis\\ejercicio_API_REST_films_con_test\\node_modules\\jest-circus\\build\\run.js:121:9)\n    at run (C:\\Users\\c-r-i\\OneDrive\\Escritorio\\Cris\\BOOTCAMP\\core\\backend\\ejPelis\\ejercicio_API_REST_films_con_test\\node_modules\\jest-circus\\build\\run.js:71:3)\n    at runAndTransformResultsToJestFormat (C:\\Users\\c-r-i\\OneDrive\\Escritorio\\Cris\\BOOTCAMP\\core\\backend\\ejPelis\\ejercicio_API_REST_films_con_test\\node_modules\\jest-circus\\build\\legacy-code-todo-rewrite\\jestAdapterInit.js:122:21)\n    at jestAdapter (C:\\Users\\c-r-i\\OneDrive\\Escritorio\\Cris\\BOOTCAMP\\core\\backend\\ejPelis\\ejercicio_API_REST_films_con_test\\node_modules\\jest-circus\\build\\legacy-code-todo-rewrite\\jestAdapter.js:79:19)\n    at runTestInternal (C:\\Users\\c-r-i\\OneDrive\\Escritorio\\Cris\\BOOTCAMP\\core\\backend\\ejPelis\\ejercicio_API_REST_films_con_test\\node_modules\\jest-runner\\build\\runTest.js:367:16)\n    at runTest (C:\\Users\\c-r-i\\OneDrive\\Escritorio\\Cris\\BOOTCAMP\\core\\backend\\ejPelis\\ejercicio_API_REST_films_con_test\\node_modules\\jest-runner\\build\\runTest.js:444:34)\n    at Object.worker (C:\\Users\\c-r-i\\OneDrive\\Escritorio\\Cris\\BOOTCAMP\\core\\backend\\ejPelis\\ejercicio_API_REST_films_con_test\\node_modules\\jest-runner\\build\\testWorker.js:106:12)"
          ],
          "fullName": "Films API routes should update an existing movie",
          "invocations": 1,
          "location": null,
          "numPassingAsserts": 0,
          "retryReasons": [],
          "status": "failed",
          "title": "should update an existing movie"
        },
        {
          "ancestorTitles": [
            "Films API routes"
          ],
          "duration": 0,
          "failureDetails": [
            {}
          ],
          "failureMessages": [
            "TypeError: app.address is not a function\n    at Test.serverAddress (C:\\Users\\c-r-i\\OneDrive\\Escritorio\\Cris\\BOOTCAMP\\core\\backend\\ejPelis\\ejercicio_API_REST_films_con_test\\node_modules\\supertest\\lib\\test.js:46:22)\n    at new Test (C:\\Users\\c-r-i\\OneDrive\\Escritorio\\Cris\\BOOTCAMP\\core\\backend\\ejPelis\\ejercicio_API_REST_films_con_test\\node_modules\\supertest\\lib\\test.js:34:14)\n    at Object.obj.<computed> (C:\\Users\\c-r-i\\OneDrive\\Escritorio\\Cris\\BOOTCAMP\\core\\backend\\ejPelis\\ejercicio_API_REST_films_con_test\\node_modules\\supertest\\index.js:43:18)\n    at Object.<anonymous> (C:\\Users\\c-r-i\\OneDrive\\Escritorio\\Cris\\BOOTCAMP\\core\\backend\\ejPelis\\ejercicio_API_REST_films_con_test\\test\\films.test.js:49:47)\n    at Promise.then.completed (C:\\Users\\c-r-i\\OneDrive\\Escritorio\\Cris\\BOOTCAMP\\core\\backend\\ejPelis\\ejercicio_API_REST_films_con_test\\node_modules\\jest-circus\\build\\utils.js:298:28)\n    at new Promise (<anonymous>)\n    at callAsyncCircusFn (C:\\Users\\c-r-i\\OneDrive\\Escritorio\\Cris\\BOOTCAMP\\core\\backend\\ejPelis\\ejercicio_API_REST_films_con_test\\node_modules\\jest-circus\\build\\utils.js:231:10)\n    at _callCircusTest (C:\\Users\\c-r-i\\OneDrive\\Escritorio\\Cris\\BOOTCAMP\\core\\backend\\ejPelis\\ejercicio_API_REST_films_con_test\\node_modules\\jest-circus\\build\\run.js:316:40)\n    at processTicksAndRejections (node:internal/process/task_queues:95:5)\n    at _runTest (C:\\Users\\c-r-i\\OneDrive\\Escritorio\\Cris\\BOOTCAMP\\core\\backend\\ejPelis\\ejercicio_API_REST_films_con_test\\node_modules\\jest-circus\\build\\run.js:252:3)\n    at _runTestsForDescribeBlock (C:\\Users\\c-r-i\\OneDrive\\Escritorio\\Cris\\BOOTCAMP\\core\\backend\\ejPelis\\ejercicio_API_REST_films_con_test\\node_modules\\jest-circus\\build\\run.js:126:9)\n    at _runTestsForDescribeBlock (C:\\Users\\c-r-i\\OneDrive\\Escritorio\\Cris\\BOOTCAMP\\core\\backend\\ejPelis\\ejercicio_API_REST_films_con_test\\node_modules\\jest-circus\\build\\run.js:121:9)\n    at run (C:\\Users\\c-r-i\\OneDrive\\Escritorio\\Cris\\BOOTCAMP\\core\\backend\\ejPelis\\ejercicio_API_REST_films_con_test\\node_modules\\jest-circus\\build\\run.js:71:3)\n    at runAndTransformResultsToJestFormat (C:\\Users\\c-r-i\\OneDrive\\Escritorio\\Cris\\BOOTCAMP\\core\\backend\\ejPelis\\ejercicio_API_REST_films_con_test\\node_modules\\jest-circus\\build\\legacy-code-todo-rewrite\\jestAdapterInit.js:122:21)\n    at jestAdapter (C:\\Users\\c-r-i\\OneDrive\\Escritorio\\Cris\\BOOTCAMP\\core\\backend\\ejPelis\\ejercicio_API_REST_films_con_test\\node_modules\\jest-circus\\build\\legacy-code-todo-rewrite\\jestAdapter.js:79:19)\n    at runTestInternal (C:\\Users\\c-r-i\\OneDrive\\Escritorio\\Cris\\BOOTCAMP\\core\\backend\\ejPelis\\ejercicio_API_REST_films_con_test\\node_modules\\jest-runner\\build\\runTest.js:367:16)\n    at runTest (C:\\Users\\c-r-i\\OneDrive\\Escritorio\\Cris\\BOOTCAMP\\core\\backend\\ejPelis\\ejercicio_API_REST_films_con_test\\node_modules\\jest-runner\\build\\runTest.js:444:34)\n    at Object.worker (C:\\Users\\c-r-i\\OneDrive\\Escritorio\\Cris\\BOOTCAMP\\core\\backend\\ejPelis\\ejercicio_API_REST_films_con_test\\node_modules\\jest-runner\\build\\testWorker.js:106:12)"
          ],
          "fullName": "Films API routes should delete an existing movie",
          "invocations": 1,
          "location": null,
          "numPassingAsserts": 0,
          "retryReasons": [],
          "status": "failed",
          "title": "should delete an existing movie"
        }
      ],
      "failureMessage": "\u001b[1m\u001b[31m  \u001b[1m● \u001b[22m\u001b[1mFilms API routes › should fetch a movie by title\u001b[39m\u001b[22m\n\n    TypeError: app.address is not a function\n\u001b[2m\u001b[22m\n\u001b[2m    \u001b[0m \u001b[90m  6 |\u001b[39m   it(\u001b[32m'should fetch a movie by title'\u001b[39m\u001b[33m,\u001b[39m \u001b[36masync\u001b[39m () \u001b[33m=>\u001b[39m {\u001b[0m\u001b[22m\n\u001b[2m    \u001b[0m \u001b[90m  7 |\u001b[39m     \u001b[36mconst\u001b[39m title \u001b[33m=\u001b[39m \u001b[32m'Inception'\u001b[39m\u001b[33m;\u001b[39m\u001b[0m\u001b[22m\n\u001b[2m    \u001b[0m\u001b[31m\u001b[1m>\u001b[22m\u001b[2m\u001b[39m\u001b[90m  8 |\u001b[39m     \u001b[36mconst\u001b[39m response \u001b[33m=\u001b[39m \u001b[36mawait\u001b[39m request(app)\u001b[33m.\u001b[39m\u001b[36mget\u001b[39m(\u001b[32m`/api/film/${title}`\u001b[39m)\u001b[33m;\u001b[39m\u001b[0m\u001b[22m\n\u001b[2m    \u001b[0m \u001b[90m    |\u001b[39m                                         \u001b[31m\u001b[1m^\u001b[22m\u001b[2m\u001b[39m\u001b[0m\u001b[22m\n\u001b[2m    \u001b[0m \u001b[90m  9 |\u001b[39m     expect(response\u001b[33m.\u001b[39mstatusCode)\u001b[33m.\u001b[39mtoBe(\u001b[35m200\u001b[39m\u001b[33m,\u001b[39m \u001b[32m`Expected status code 200 when fetching movie '${title}', but got ${response.statusCode}.`\u001b[39m)\u001b[33m;\u001b[39m\u001b[0m\u001b[22m\n\u001b[2m    \u001b[0m \u001b[90m 10 |\u001b[39m     expect(response\u001b[33m.\u001b[39mbody\u001b[33m.\u001b[39mtitle)\u001b[33m.\u001b[39mtoBe(title\u001b[33m,\u001b[39m \u001b[32m`Expected movie title to be '${title}', but got '${response.body.title}'.`\u001b[39m)\u001b[33m;\u001b[39m\u001b[0m\u001b[22m\n\u001b[2m    \u001b[0m \u001b[90m 11 |\u001b[39m   })\u001b[33m;\u001b[39m\u001b[0m\u001b[22m\n\u001b[2m\u001b[22m\n\u001b[2m      \u001b[2mat Test.serverAddress (\u001b[22m\u001b[2m\u001b[0m\u001b[36mnode_modules/supertest/lib/test.js\u001b[39m\u001b[0m\u001b[2m:46:22)\u001b[22m\u001b[2m\u001b[22m\n\u001b[2m      \u001b[2mat new Test (\u001b[22m\u001b[2m\u001b[0m\u001b[36mnode_modules/supertest/lib/test.js\u001b[39m\u001b[0m\u001b[2m:34:14)\u001b[22m\u001b[2m\u001b[22m\n\u001b[2m      \u001b[2mat Object.obj.<computed> [as get] (\u001b[22m\u001b[2mnode_modules/supertest/index.js\u001b[2m:43:18)\u001b[22m\u001b[2m\u001b[22m\n\u001b[2m      \u001b[2mat Object.get (\u001b[22m\u001b[2m\u001b[0m\u001b[36mtest/films.test.js\u001b[39m\u001b[0m\u001b[2m:8:41)\u001b[22m\u001b[2m\u001b[22m\n\n\u001b[1m\u001b[31m  \u001b[1m● \u001b[22m\u001b[1mFilms API routes › should return 404 for a non-existent movie\u001b[39m\u001b[22m\n\n    TypeError: app.address is not a function\n\u001b[2m\u001b[22m\n\u001b[2m    \u001b[0m \u001b[90m 13 |\u001b[39m   it(\u001b[32m'should return 404 for a non-existent movie'\u001b[39m\u001b[33m,\u001b[39m \u001b[36masync\u001b[39m () \u001b[33m=>\u001b[39m {\u001b[0m\u001b[22m\n\u001b[2m    \u001b[0m \u001b[90m 14 |\u001b[39m     \u001b[36mconst\u001b[39m title \u001b[33m=\u001b[39m \u001b[32m'NonExistentMovie12345'\u001b[39m\u001b[33m;\u001b[39m\u001b[0m\u001b[22m\n\u001b[2m    \u001b[0m\u001b[31m\u001b[1m>\u001b[22m\u001b[2m\u001b[39m\u001b[90m 15 |\u001b[39m     \u001b[36mconst\u001b[39m response \u001b[33m=\u001b[39m \u001b[36mawait\u001b[39m request(app)\u001b[33m.\u001b[39m\u001b[36mget\u001b[39m(\u001b[32m`/api/film/${title}`\u001b[39m)\u001b[33m;\u001b[39m\u001b[0m\u001b[22m\n\u001b[2m    \u001b[0m \u001b[90m    |\u001b[39m                                         \u001b[31m\u001b[1m^\u001b[22m\u001b[2m\u001b[39m\u001b[0m\u001b[22m\n\u001b[2m    \u001b[0m \u001b[90m 16 |\u001b[39m     expect(response\u001b[33m.\u001b[39mstatusCode)\u001b[33m.\u001b[39mtoBe(\u001b[35m404\u001b[39m\u001b[33m,\u001b[39m \u001b[32m`Expected status code 404 for a non-existent movie '${title}', but got ${response.statusCode}.`\u001b[39m)\u001b[33m;\u001b[39m\u001b[0m\u001b[22m\n\u001b[2m    \u001b[0m \u001b[90m 17 |\u001b[39m     expect(response\u001b[33m.\u001b[39mbody\u001b[33m.\u001b[39mmessage)\u001b[33m.\u001b[39mtoBe(\u001b[32m'Film not found'\u001b[39m\u001b[33m,\u001b[39m \u001b[32m`Expected error message 'Film not found', but got '${response.body.message}'.`\u001b[39m)\u001b[33m;\u001b[39m\u001b[0m\u001b[22m\n\u001b[2m    \u001b[0m \u001b[90m 18 |\u001b[39m   })\u001b[33m;\u001b[39m\u001b[0m\u001b[22m\n\u001b[2m\u001b[22m\n\u001b[2m      \u001b[2mat Test.serverAddress (\u001b[22m\u001b[2m\u001b[0m\u001b[36mnode_modules/supertest/lib/test.js\u001b[39m\u001b[0m\u001b[2m:46:22)\u001b[22m\u001b[2m\u001b[22m\n\u001b[2m      \u001b[2mat new Test (\u001b[22m\u001b[2m\u001b[0m\u001b[36mnode_modules/supertest/lib/test.js\u001b[39m\u001b[0m\u001b[2m:34:14)\u001b[22m\u001b[2m\u001b[22m\n\u001b[2m      \u001b[2mat Object.obj.<computed> [as get] (\u001b[22m\u001b[2mnode_modules/supertest/index.js\u001b[2m:43:18)\u001b[22m\u001b[2m\u001b[22m\n\u001b[2m      \u001b[2mat Object.get (\u001b[22m\u001b[2m\u001b[0m\u001b[36mtest/films.test.js\u001b[39m\u001b[0m\u001b[2m:15:41)\u001b[22m\u001b[2m\u001b[22m\n\n\u001b[1m\u001b[31m  \u001b[1m● \u001b[22m\u001b[1mFilms API routes › should add a new movie\u001b[39m\u001b[22m\n\n    TypeError: app.address is not a function\n\u001b[2m\u001b[22m\n\u001b[2m    \u001b[0m \u001b[90m 25 |\u001b[39m       src\u001b[33m:\u001b[39m \u001b[32m'test.png'\u001b[39m\u001b[0m\u001b[22m\n\u001b[2m    \u001b[0m \u001b[90m 26 |\u001b[39m     }\u001b[33m;\u001b[39m\u001b[0m\u001b[22m\n\u001b[2m    \u001b[0m\u001b[31m\u001b[1m>\u001b[22m\u001b[2m\u001b[39m\u001b[90m 27 |\u001b[39m     \u001b[36mconst\u001b[39m response \u001b[33m=\u001b[39m \u001b[36mawait\u001b[39m request(app)\u001b[33m.\u001b[39mpost(\u001b[32m'/api/film/'\u001b[39m)\u001b[33m.\u001b[39msend(movie)\u001b[33m;\u001b[39m\u001b[0m\u001b[22m\n\u001b[2m    \u001b[0m \u001b[90m    |\u001b[39m                                         \u001b[31m\u001b[1m^\u001b[22m\u001b[2m\u001b[39m\u001b[0m\u001b[22m\n\u001b[2m    \u001b[0m \u001b[90m 28 |\u001b[39m     expect(response\u001b[33m.\u001b[39mstatusCode)\u001b[33m.\u001b[39mtoBe(\u001b[35m200\u001b[39m\u001b[33m,\u001b[39m \u001b[32m`Expected status code 200 when adding a new movie, but got ${response.statusCode}.`\u001b[39m)\u001b[33m;\u001b[39m\u001b[0m\u001b[22m\n\u001b[2m    \u001b[0m \u001b[90m 29 |\u001b[39m     expect(response\u001b[33m.\u001b[39mbody\u001b[33m.\u001b[39mmessage)\u001b[33m.\u001b[39mtoBe(\u001b[32m`Se ha guardado ${movie.title}`\u001b[39m\u001b[33m,\u001b[39m \u001b[32m`Expected confirmation message for adding movie '${movie.title}', but got a different message.`\u001b[39m)\u001b[33m;\u001b[39m\u001b[0m\u001b[22m\n\u001b[2m    \u001b[0m \u001b[90m 30 |\u001b[39m   })\u001b[33m;\u001b[39m\u001b[0m\u001b[22m\n\u001b[2m\u001b[22m\n\u001b[2m      \u001b[2mat Test.serverAddress (\u001b[22m\u001b[2m\u001b[0m\u001b[36mnode_modules/supertest/lib/test.js\u001b[39m\u001b[0m\u001b[2m:46:22)\u001b[22m\u001b[2m\u001b[22m\n\u001b[2m      \u001b[2mat new Test (\u001b[22m\u001b[2m\u001b[0m\u001b[36mnode_modules/supertest/lib/test.js\u001b[39m\u001b[0m\u001b[2m:34:14)\u001b[22m\u001b[2m\u001b[22m\n\u001b[2m      \u001b[2mat Object.obj.<computed> [as post] (\u001b[22m\u001b[2mnode_modules/supertest/index.js\u001b[2m:43:18)\u001b[22m\u001b[2m\u001b[22m\n\u001b[2m      \u001b[2mat Object.post (\u001b[22m\u001b[2m\u001b[0m\u001b[36mtest/films.test.js\u001b[39m\u001b[0m\u001b[2m:27:41)\u001b[22m\u001b[2m\u001b[22m\n\n\u001b[1m\u001b[31m  \u001b[1m● \u001b[22m\u001b[1mFilms API routes › should update an existing movie\u001b[39m\u001b[22m\n\n    TypeError: app.address is not a function\n\u001b[2m\u001b[22m\n\u001b[2m    \u001b[0m \u001b[90m 38 |\u001b[39m       src\u001b[33m:\u001b[39m \u001b[32m'updated_test.png'\u001b[39m\u001b[0m\u001b[22m\n\u001b[2m    \u001b[0m \u001b[90m 39 |\u001b[39m     }\u001b[33m;\u001b[39m\u001b[0m\u001b[22m\n\u001b[2m    \u001b[0m\u001b[31m\u001b[1m>\u001b[22m\u001b[2m\u001b[39m\u001b[90m 40 |\u001b[39m     \u001b[36mconst\u001b[39m response \u001b[33m=\u001b[39m \u001b[36mawait\u001b[39m request(app)\u001b[33m.\u001b[39mput(\u001b[32m'/api/film/'\u001b[39m)\u001b[33m.\u001b[39msend(updatedMovie)\u001b[33m;\u001b[39m\u001b[0m\u001b[22m\n\u001b[2m    \u001b[0m \u001b[90m    |\u001b[39m                                         \u001b[31m\u001b[1m^\u001b[22m\u001b[2m\u001b[39m\u001b[0m\u001b[22m\n\u001b[2m    \u001b[0m \u001b[90m 41 |\u001b[39m     expect(response\u001b[33m.\u001b[39mstatusCode)\u001b[33m.\u001b[39mtoBe(\u001b[35m200\u001b[39m\u001b[33m,\u001b[39m \u001b[32m`Expected status code 200 when updating a movie, but got ${response.statusCode}.`\u001b[39m)\u001b[33m;\u001b[39m\u001b[0m\u001b[22m\n\u001b[2m    \u001b[0m \u001b[90m 42 |\u001b[39m     expect(response\u001b[33m.\u001b[39mbody\u001b[33m.\u001b[39mmessage)\u001b[33m.\u001b[39mtoBe(\u001b[32m`Se ha actualizado ${updatedMovie.title}`\u001b[39m\u001b[33m,\u001b[39m \u001b[32m`Expected confirmation message for updating movie '${updatedMovie.title}', but got a different message.`\u001b[39m)\u001b[33m;\u001b[39m\u001b[0m\u001b[22m\n\u001b[2m    \u001b[0m \u001b[90m 43 |\u001b[39m   })\u001b[33m;\u001b[39m\u001b[0m\u001b[22m\n\u001b[2m\u001b[22m\n\u001b[2m      \u001b[2mat Test.serverAddress (\u001b[22m\u001b[2m\u001b[0m\u001b[36mnode_modules/supertest/lib/test.js\u001b[39m\u001b[0m\u001b[2m:46:22)\u001b[22m\u001b[2m\u001b[22m\n\u001b[2m      \u001b[2mat new Test (\u001b[22m\u001b[2m\u001b[0m\u001b[36mnode_modules/supertest/lib/test.js\u001b[39m\u001b[0m\u001b[2m:34:14)\u001b[22m\u001b[2m\u001b[22m\n\u001b[2m      \u001b[2mat Object.obj.<computed> [as put] (\u001b[22m\u001b[2mnode_modules/supertest/index.js\u001b[2m:43:18)\u001b[22m\u001b[2m\u001b[22m\n\u001b[2m      \u001b[2mat Object.put (\u001b[22m\u001b[2m\u001b[0m\u001b[36mtest/films.test.js\u001b[39m\u001b[0m\u001b[2m:40:41)\u001b[22m\u001b[2m\u001b[22m\n\n\u001b[1m\u001b[31m  \u001b[1m● \u001b[22m\u001b[1mFilms API routes › should delete an existing movie\u001b[39m\u001b[22m\n\n    TypeError: app.address is not a function\n\u001b[2m\u001b[22m\n\u001b[2m    \u001b[0m \u001b[90m 47 |\u001b[39m       id\u001b[33m:\u001b[39m \u001b[35m123\u001b[39m\u001b[0m\u001b[22m\n\u001b[2m    \u001b[0m \u001b[90m 48 |\u001b[39m     }\u001b[33m;\u001b[39m\u001b[0m\u001b[22m\n\u001b[2m    \u001b[0m\u001b[31m\u001b[1m>\u001b[22m\u001b[2m\u001b[39m\u001b[90m 49 |\u001b[39m     \u001b[36mconst\u001b[39m response \u001b[33m=\u001b[39m \u001b[36mawait\u001b[39m request(app)\u001b[33m.\u001b[39m\u001b[36mdelete\u001b[39m(\u001b[32m'/api/film/'\u001b[39m)\u001b[33m.\u001b[39msend(movie)\u001b[33m;\u001b[39m\u001b[0m\u001b[22m\n\u001b[2m    \u001b[0m \u001b[90m    |\u001b[39m                                               \u001b[31m\u001b[1m^\u001b[22m\u001b[2m\u001b[39m\u001b[0m\u001b[22m\n\u001b[2m    \u001b[0m \u001b[90m 50 |\u001b[39m     expect(response\u001b[33m.\u001b[39mstatusCode)\u001b[33m.\u001b[39mtoBe(\u001b[35m200\u001b[39m\u001b[33m,\u001b[39m \u001b[32m`Expected status code 200 when deleting a movie, but got ${response.statusCode}.`\u001b[39m)\u001b[33m;\u001b[39m\u001b[0m\u001b[22m\n\u001b[2m    \u001b[0m \u001b[90m 51 |\u001b[39m     expect(response\u001b[33m.\u001b[39mbody\u001b[33m.\u001b[39mmessage)\u001b[33m.\u001b[39mtoBe(\u001b[32m`Se ha borrado la película con ID: ${movie.id}`\u001b[39m\u001b[33m,\u001b[39m \u001b[32m`Expected confirmation message for deleting movie with ID '${movie.id}', but got a different message.`\u001b[39m)\u001b[33m;\u001b[39m\u001b[0m\u001b[22m\n\u001b[2m    \u001b[0m \u001b[90m 52 |\u001b[39m   })\u001b[33m;\u001b[39m\u001b[0m\u001b[22m\n\u001b[2m\u001b[22m\n\u001b[2m      \u001b[2mat Test.serverAddress (\u001b[22m\u001b[2m\u001b[0m\u001b[36mnode_modules/supertest/lib/test.js\u001b[39m\u001b[0m\u001b[2m:46:22)\u001b[22m\u001b[2m\u001b[22m\n\u001b[2m      \u001b[2mat new Test (\u001b[22m\u001b[2m\u001b[0m\u001b[36mnode_modules/supertest/lib/test.js\u001b[39m\u001b[0m\u001b[2m:34:14)\u001b[22m\u001b[2m\u001b[22m\n\u001b[2m      \u001b[2mat Object.obj.<computed> (\u001b[22m\u001b[2mnode_modules/supertest/index.js\u001b[2m:43:18)\u001b[22m\u001b[2m\u001b[22m\n\u001b[2m      \u001b[2mat Object.<anonymous> (\u001b[22m\u001b[2m\u001b[0m\u001b[36mtest/films.test.js\u001b[39m\u001b[0m\u001b[2m:49:47)\u001b[22m\u001b[2m\u001b[22m\n"
    }
  ],
  "wasInterrupted": false
}