{
  "numFailedTestSuites": 1,
  "numFailedTests": 2,
  "numPassedTestSuites": 1,
  "numPassedTests": 2,
  "numPendingTestSuites": 0,
  "numPendingTests": 0,
  "numRuntimeErrorTestSuites": 0,
  "numTodoTests": 0,
  "numTotalTestSuites": 3,
  "numTotalTests": 4,
  "openHandles": [],
  "snapshot": {
    "added": 0,
    "didUpdate": false,
    "failure": false,
    "filesAdded": 0,
    "filesRemoved": 0,
    "filesRemovedList": [],
    "filesUnmatched": 0,
    "filesUpdated": 0,
    "matched": 0,
    "total": 0,
    "unchecked": 0,
    "uncheckedKeysByFile": [],
    "unmatched": 0,
    "updated": 0
  },
  "startTime": 1699299972924,
  "success": false,
  "testResults": [
    {
      "leaks": false,
      "numFailingTests": 0,
      "numPassingTests": 2,
      "numPendingTests": 0,
      "numTodoTests": 0,
      "openHandles": [],
      "perfStats": {
        "end": 1699299974171,
        "runtime": 663,
        "slow": false,
        "start": 1699299973508
      },
      "skipped": false,
      "snapshot": {
        "added": 0,
        "fileDeleted": false,
        "matched": 0,
        "unchecked": 0,
        "uncheckedKeys": [],
        "unmatched": 0,
        "updated": 0
      },
      "testFilePath": "C:\\Users\\c-r-i\\OneDrive\\Escritorio\\Cris\\BOOTCAMP\\core\\backend\\ejPelis\\ejercicio_API_REST_films_con_test\\test\\env.test.js",
      "testResults": [
        {
          "ancestorTitles": [
            "Environment setup"
          ],
          "duration": 18,
          "failureDetails": [],
          "failureMessages": [],
          "fullName": "Environment setup should have a .env file in the root directory",
          "invocations": 1,
          "location": null,
          "numPassingAsserts": 1,
          "retryReasons": [],
          "status": "passed",
          "title": "should have a .env file in the root directory"
        },
        {
          "ancestorTitles": [
            "Environment setup"
          ],
          "duration": 12,
          "failureDetails": [],
          "failureMessages": [],
          "fullName": "Environment setup should have API_KEY defined in the .env file",
          "invocations": 1,
          "location": null,
          "numPassingAsserts": 2,
          "retryReasons": [],
          "status": "passed",
          "title": "should have API_KEY defined in the .env file"
        }
      ],
      "failureMessage": null
    },
    {
      "leaks": false,
      "numFailingTests": 2,
      "numPassingTests": 0,
      "numPendingTests": 0,
      "numTodoTests": 0,
      "openHandles": [],
      "perfStats": {
        "end": 1699299974649,
        "runtime": 1142,
        "slow": false,
        "start": 1699299973507
      },
      "skipped": false,
      "snapshot": {
        "added": 0,
        "fileDeleted": false,
        "matched": 0,
        "unchecked": 0,
        "uncheckedKeys": [],
        "unmatched": 0,
        "updated": 0
      },
      "testFilePath": "C:\\Users\\c-r-i\\OneDrive\\Escritorio\\Cris\\BOOTCAMP\\core\\backend\\ejPelis\\ejercicio_API_REST_films_con_test\\test\\fetchFilms.test.js",
      "testResults": [
        {
          "ancestorTitles": [
            "fetchFilm utility"
          ],
          "duration": 6,
          "failureDetails": [
            {}
          ],
          "failureMessages": [
            "TypeError: fetchFilm is not a function\n    at Object.fetchFilm (C:\\Users\\c-r-i\\OneDrive\\Escritorio\\Cris\\BOOTCAMP\\core\\backend\\ejPelis\\ejercicio_API_REST_films_con_test\\test\\fetchFilms.test.js:5:24)\n    at Promise.then.completed (C:\\Users\\c-r-i\\OneDrive\\Escritorio\\Cris\\BOOTCAMP\\core\\backend\\ejPelis\\ejercicio_API_REST_films_con_test\\node_modules\\jest-circus\\build\\utils.js:298:28)\n    at new Promise (<anonymous>)\n    at callAsyncCircusFn (C:\\Users\\c-r-i\\OneDrive\\Escritorio\\Cris\\BOOTCAMP\\core\\backend\\ejPelis\\ejercicio_API_REST_films_con_test\\node_modules\\jest-circus\\build\\utils.js:231:10)\n    at _callCircusTest (C:\\Users\\c-r-i\\OneDrive\\Escritorio\\Cris\\BOOTCAMP\\core\\backend\\ejPelis\\ejercicio_API_REST_films_con_test\\node_modules\\jest-circus\\build\\run.js:316:40)\n    at processTicksAndRejections (node:internal/process/task_queues:95:5)\n    at _runTest (C:\\Users\\c-r-i\\OneDrive\\Escritorio\\Cris\\BOOTCAMP\\core\\backend\\ejPelis\\ejercicio_API_REST_films_con_test\\node_modules\\jest-circus\\build\\run.js:252:3)\n    at _runTestsForDescribeBlock (C:\\Users\\c-r-i\\OneDrive\\Escritorio\\Cris\\BOOTCAMP\\core\\backend\\ejPelis\\ejercicio_API_REST_films_con_test\\node_modules\\jest-circus\\build\\run.js:126:9)\n    at _runTestsForDescribeBlock (C:\\Users\\c-r-i\\OneDrive\\Escritorio\\Cris\\BOOTCAMP\\core\\backend\\ejPelis\\ejercicio_API_REST_films_con_test\\node_modules\\jest-circus\\build\\run.js:121:9)\n    at run (C:\\Users\\c-r-i\\OneDrive\\Escritorio\\Cris\\BOOTCAMP\\core\\backend\\ejPelis\\ejercicio_API_REST_films_con_test\\node_modules\\jest-circus\\build\\run.js:71:3)\n    at runAndTransformResultsToJestFormat (C:\\Users\\c-r-i\\OneDrive\\Escritorio\\Cris\\BOOTCAMP\\core\\backend\\ejPelis\\ejercicio_API_REST_films_con_test\\node_modules\\jest-circus\\build\\legacy-code-todo-rewrite\\jestAdapterInit.js:122:21)\n    at jestAdapter (C:\\Users\\c-r-i\\OneDrive\\Escritorio\\Cris\\BOOTCAMP\\core\\backend\\ejPelis\\ejercicio_API_REST_films_con_test\\node_modules\\jest-circus\\build\\legacy-code-todo-rewrite\\jestAdapter.js:79:19)\n    at runTestInternal (C:\\Users\\c-r-i\\OneDrive\\Escritorio\\Cris\\BOOTCAMP\\core\\backend\\ejPelis\\ejercicio_API_REST_films_con_test\\node_modules\\jest-runner\\build\\runTest.js:367:16)\n    at runTest (C:\\Users\\c-r-i\\OneDrive\\Escritorio\\Cris\\BOOTCAMP\\core\\backend\\ejPelis\\ejercicio_API_REST_films_con_test\\node_modules\\jest-runner\\build\\runTest.js:444:34)\n    at Object.worker (C:\\Users\\c-r-i\\OneDrive\\Escritorio\\Cris\\BOOTCAMP\\core\\backend\\ejPelis\\ejercicio_API_REST_films_con_test\\node_modules\\jest-runner\\build\\testWorker.js:106:12)"
          ],
          "fullName": "fetchFilm utility should return movie details for a known movie",
          "invocations": 1,
          "location": null,
          "numPassingAsserts": 0,
          "retryReasons": [],
          "status": "failed",
          "title": "should return movie details for a known movie"
        },
        {
          "ancestorTitles": [
            "fetchFilm utility"
          ],
          "duration": 1,
          "failureDetails": [
            {}
          ],
          "failureMessages": [
            "TypeError: fetchFilm is not a function\n    at Object.fetchFilm (C:\\Users\\c-r-i\\OneDrive\\Escritorio\\Cris\\BOOTCAMP\\core\\backend\\ejPelis\\ejercicio_API_REST_films_con_test\\test\\fetchFilms.test.js:17:24)\n    at Promise.then.completed (C:\\Users\\c-r-i\\OneDrive\\Escritorio\\Cris\\BOOTCAMP\\core\\backend\\ejPelis\\ejercicio_API_REST_films_con_test\\node_modules\\jest-circus\\build\\utils.js:298:28)\n    at new Promise (<anonymous>)\n    at callAsyncCircusFn (C:\\Users\\c-r-i\\OneDrive\\Escritorio\\Cris\\BOOTCAMP\\core\\backend\\ejPelis\\ejercicio_API_REST_films_con_test\\node_modules\\jest-circus\\build\\utils.js:231:10)\n    at _callCircusTest (C:\\Users\\c-r-i\\OneDrive\\Escritorio\\Cris\\BOOTCAMP\\core\\backend\\ejPelis\\ejercicio_API_REST_films_con_test\\node_modules\\jest-circus\\build\\run.js:316:40)\n    at processTicksAndRejections (node:internal/process/task_queues:95:5)\n    at _runTest (C:\\Users\\c-r-i\\OneDrive\\Escritorio\\Cris\\BOOTCAMP\\core\\backend\\ejPelis\\ejercicio_API_REST_films_con_test\\node_modules\\jest-circus\\build\\run.js:252:3)\n    at _runTestsForDescribeBlock (C:\\Users\\c-r-i\\OneDrive\\Escritorio\\Cris\\BOOTCAMP\\core\\backend\\ejPelis\\ejercicio_API_REST_films_con_test\\node_modules\\jest-circus\\build\\run.js:126:9)\n    at _runTestsForDescribeBlock (C:\\Users\\c-r-i\\OneDrive\\Escritorio\\Cris\\BOOTCAMP\\core\\backend\\ejPelis\\ejercicio_API_REST_films_con_test\\node_modules\\jest-circus\\build\\run.js:121:9)\n    at run (C:\\Users\\c-r-i\\OneDrive\\Escritorio\\Cris\\BOOTCAMP\\core\\backend\\ejPelis\\ejercicio_API_REST_films_con_test\\node_modules\\jest-circus\\build\\run.js:71:3)\n    at runAndTransformResultsToJestFormat (C:\\Users\\c-r-i\\OneDrive\\Escritorio\\Cris\\BOOTCAMP\\core\\backend\\ejPelis\\ejercicio_API_REST_films_con_test\\node_modules\\jest-circus\\build\\legacy-code-todo-rewrite\\jestAdapterInit.js:122:21)\n    at jestAdapter (C:\\Users\\c-r-i\\OneDrive\\Escritorio\\Cris\\BOOTCAMP\\core\\backend\\ejPelis\\ejercicio_API_REST_films_con_test\\node_modules\\jest-circus\\build\\legacy-code-todo-rewrite\\jestAdapter.js:79:19)\n    at runTestInternal (C:\\Users\\c-r-i\\OneDrive\\Escritorio\\Cris\\BOOTCAMP\\core\\backend\\ejPelis\\ejercicio_API_REST_films_con_test\\node_modules\\jest-runner\\build\\runTest.js:367:16)\n    at runTest (C:\\Users\\c-r-i\\OneDrive\\Escritorio\\Cris\\BOOTCAMP\\core\\backend\\ejPelis\\ejercicio_API_REST_films_con_test\\node_modules\\jest-runner\\build\\runTest.js:444:34)\n    at Object.worker (C:\\Users\\c-r-i\\OneDrive\\Escritorio\\Cris\\BOOTCAMP\\core\\backend\\ejPelis\\ejercicio_API_REST_films_con_test\\node_modules\\jest-runner\\build\\testWorker.js:106:12)"
          ],
          "fullName": "fetchFilm utility should return null for a non-existent movie",
          "invocations": 1,
          "location": null,
          "numPassingAsserts": 0,
          "retryReasons": [],
          "status": "failed",
          "title": "should return null for a non-existent movie"
        }
      ],
      "failureMessage": "\u001b[1m\u001b[31m  \u001b[1m● \u001b[22m\u001b[1mfetchFilm utility › should return movie details for a known movie\u001b[39m\u001b[22m\n\n    TypeError: fetchFilm is not a function\n\u001b[2m\u001b[22m\n\u001b[2m    \u001b[0m \u001b[90m 3 |\u001b[39m describe(\u001b[32m'fetchFilm utility'\u001b[39m\u001b[33m,\u001b[39m () \u001b[33m=>\u001b[39m {\u001b[0m\u001b[22m\n\u001b[2m    \u001b[0m \u001b[90m 4 |\u001b[39m   it(\u001b[32m'should return movie details for a known movie'\u001b[39m\u001b[33m,\u001b[39m \u001b[36masync\u001b[39m () \u001b[33m=>\u001b[39m {\u001b[0m\u001b[22m\n\u001b[2m    \u001b[0m\u001b[31m\u001b[1m>\u001b[22m\u001b[2m\u001b[39m\u001b[90m 5 |\u001b[39m     \u001b[36mconst\u001b[39m data \u001b[33m=\u001b[39m \u001b[36mawait\u001b[39m fetchFilm(\u001b[32m'Inception'\u001b[39m)\u001b[33m;\u001b[39m\u001b[0m\u001b[22m\n\u001b[2m    \u001b[0m \u001b[90m   |\u001b[39m                        \u001b[31m\u001b[1m^\u001b[22m\u001b[2m\u001b[39m\u001b[0m\u001b[22m\n\u001b[2m    \u001b[0m \u001b[90m 6 |\u001b[39m     expect(data)\u001b[33m.\u001b[39mtoBeDefined()\u001b[33m;\u001b[39m\u001b[0m\u001b[22m\n\u001b[2m    \u001b[0m \u001b[90m 7 |\u001b[39m     \u001b[36mif\u001b[39m (\u001b[33m!\u001b[39mdata) {\u001b[0m\u001b[22m\n\u001b[2m    \u001b[0m \u001b[90m 8 |\u001b[39m       console\u001b[33m.\u001b[39merror(\u001b[32m\"Expected movie details for 'Inception', but got nothing.\"\u001b[39m)\u001b[33m;\u001b[39m\u001b[0m\u001b[22m\n\u001b[2m\u001b[22m\n\u001b[2m      \u001b[2mat Object.fetchFilm (\u001b[22m\u001b[2m\u001b[0m\u001b[36mtest/fetchFilms.test.js\u001b[39m\u001b[0m\u001b[2m:5:24)\u001b[22m\u001b[2m\u001b[22m\n\n\u001b[1m\u001b[31m  \u001b[1m● \u001b[22m\u001b[1mfetchFilm utility › should return null for a non-existent movie\u001b[39m\u001b[22m\n\n    TypeError: fetchFilm is not a function\n\u001b[2m\u001b[22m\n\u001b[2m    \u001b[0m \u001b[90m 15 |\u001b[39m   \u001b[0m\u001b[22m\n\u001b[2m    \u001b[0m \u001b[90m 16 |\u001b[39m   it(\u001b[32m'should return null for a non-existent movie'\u001b[39m\u001b[33m,\u001b[39m \u001b[36masync\u001b[39m () \u001b[33m=>\u001b[39m {\u001b[0m\u001b[22m\n\u001b[2m    \u001b[0m\u001b[31m\u001b[1m>\u001b[22m\u001b[2m\u001b[39m\u001b[90m 17 |\u001b[39m     \u001b[36mconst\u001b[39m data \u001b[33m=\u001b[39m \u001b[36mawait\u001b[39m fetchFilm(\u001b[32m'NonExistentMovie12345'\u001b[39m)\u001b[33m;\u001b[39m\u001b[0m\u001b[22m\n\u001b[2m    \u001b[0m \u001b[90m    |\u001b[39m                        \u001b[31m\u001b[1m^\u001b[22m\u001b[2m\u001b[39m\u001b[0m\u001b[22m\n\u001b[2m    \u001b[0m \u001b[90m 18 |\u001b[39m     expect(data)\u001b[33m.\u001b[39mtoBeNull()\u001b[33m;\u001b[39m\u001b[0m\u001b[22m\n\u001b[2m    \u001b[0m \u001b[90m 19 |\u001b[39m     \u001b[36mif\u001b[39m (data) {\u001b[0m\u001b[22m\n\u001b[2m    \u001b[0m \u001b[90m 20 |\u001b[39m       console\u001b[33m.\u001b[39merror(\u001b[32m\"Expected no movie details for 'NonExistentMovie12345', but got some data.\"\u001b[39m)\u001b[33m;\u001b[39m\u001b[0m\u001b[22m\n\u001b[2m\u001b[22m\n\u001b[2m      \u001b[2mat Object.fetchFilm (\u001b[22m\u001b[2m\u001b[0m\u001b[36mtest/fetchFilms.test.js\u001b[39m\u001b[0m\u001b[2m:17:24)\u001b[22m\u001b[2m\u001b[22m\n"
    }
  ],
  "wasInterrupted": false
}